TN:
SF:src/app.module.ts
FNF:0
FNH:0
DA:1,2
DA:2,2
DA:3,2
DA:4,2
DA:5,2
DA:6,2
DA:7,2
DA:26,2
LF:8
LH:8
BRF:0
BRH:0
end_of_record
TN:
SF:src/device/device.module.ts
FNF:0
FNH:0
DA:1,2
DA:2,2
DA:3,2
DA:4,2
DA:5,2
DA:6,2
DA:7,2
DA:8,2
DA:15,2
LF:9
LH:9
BRF:0
BRH:0
end_of_record
TN:
SF:src/device/entity/device-history.entity.ts
FN:18,(anonymous_2)
FN:18,(anonymous_3)
FNF:2
FNH:2
FNDA:4,(anonymous_2)
FNDA:4,(anonymous_3)
DA:1,2
DA:2,2
DA:5,2
DA:6,2
DA:9,2
DA:12,2
DA:15,2
DA:18,4
LF:8
LH:8
BRF:0
BRH:0
end_of_record
TN:
SF:src/device/entity/device.entity.ts
FN:38,(anonymous_2)
FN:38,(anonymous_3)
FNF:2
FNH:2
FNDA:4,(anonymous_2)
FNDA:4,(anonymous_3)
DA:1,2
DA:2,2
DA:5,2
DA:6,2
DA:9,2
DA:12,2
DA:15,2
DA:18,2
DA:21,2
DA:24,2
DA:27,2
DA:31,2
DA:35,2
DA:38,4
LF:14
LH:14
BRF:0
BRH:0
end_of_record
TN:
SF:src/device/service/device-history.service.ts
FN:9,(anonymous_4)
FN:14,(anonymous_5)
FNF:2
FNH:2
FNDA:4,(anonymous_4)
FNDA:1,(anonymous_5)
DA:1,2
DA:2,2
DA:3,2
DA:5,2
DA:8,2
DA:11,4
DA:20,1
LF:7
LH:7
BRF:0
BRH:0
end_of_record
TN:
SF:src/device/service/device.service.ts
FN:22,formatDate
FN:29,(anonymous_5)
FN:36,(anonymous_6)
FN:37,(anonymous_7)
FN:43,(anonymous_8)
FN:53,(anonymous_9)
FN:69,(anonymous_10)
FN:79,(anonymous_11)
FN:83,(anonymous_12)
FN:90,(anonymous_13)
FN:93,(anonymous_14)
FN:100,(anonymous_15)
FN:108,(anonymous_16)
FN:118,(anonymous_17)
FN:122,(anonymous_18)
FN:150,(anonymous_19)
FN:152,(anonymous_20)
FN:180,(anonymous_21)
FNF:18
FNH:16
FNDA:2,formatDate
FNDA:4,(anonymous_5)
FNDA:2,(anonymous_6)
FNDA:0,(anonymous_7)
FNDA:2,(anonymous_8)
FNDA:2,(anonymous_9)
FNDA:1,(anonymous_10)
FNDA:5,(anonymous_11)
FNDA:5,(anonymous_12)
FNDA:2,(anonymous_13)
FNDA:2,(anonymous_14)
FNDA:5,(anonymous_15)
FNDA:2,(anonymous_16)
FNDA:1,(anonymous_17)
FNDA:2,(anonymous_18)
FNDA:3,(anonymous_19)
FNDA:0,(anonymous_20)
FNDA:3,(anonymous_21)
DA:1,2
DA:2,2
DA:3,2
DA:4,2
DA:5,2
DA:8,2
DA:9,2
DA:23,2
DA:24,2
DA:28,2
DA:31,4
DA:32,4
DA:33,4
DA:36,4
DA:37,2
DA:38,0
DA:44,2
DA:46,1
DA:48,1
DA:50,1
DA:54,2
DA:58,2
DA:59,1
DA:60,1
DA:61,1
DA:62,1
DA:63,1
DA:65,1
DA:70,1
DA:74,1
DA:76,1
DA:80,5
DA:84,5
DA:90,3
DA:94,2
DA:101,5
DA:103,5
DA:104,2
DA:109,2
DA:111,2
DA:113,2
DA:115,2
DA:119,1
DA:122,1
DA:123,2
DA:124,2
DA:125,2
DA:127,2
DA:128,2
DA:132,1
DA:133,2
DA:135,2
DA:142,1
DA:147,1
DA:151,3
DA:152,3
DA:153,0
DA:155,0
DA:157,0
DA:162,0
DA:166,0
DA:172,0
DA:181,3
DA:182,3
LF:64
LH:57
BRDA:58,0,0,1
BRDA:58,0,1,1
BRDA:103,1,0,2
BRDA:124,2,0,2
BRF:4
BRH:4
end_of_record
